Start testing: Mar 18 21:37 EDT
----------------------------------------------------------
1/2 Testing: MTOCPP_TEST
1/2 Test: MTOCPP_TEST
Command: "/xchip/cogs/narayan/code/github/mortar/ext/mtocpp/build/test.sh"
Directory: /xchip/cogs/narayan/code/github/mortar/ext/mtocpp/build
"MTOCPP_TEST" start time: Mar 18 21:37 EDT
Output:
----------------------------------------------------------
Checking test/+grid/+rect/@rectgrid/plot.m ...
 (passed)
Checking test/+grid/+rect/@rectgrid/rectgrid.m ...
mtoc++ warning in test/+grid/+rect/@rectgrid/rectgrid.m: Class rectgrid misses definition of function demo!
mtoc++ warning in test/+grid/+rect/@rectgrid/rectgrid.m: Class rectgrid misses definition of function display!
mtoc++ warning in test/+grid/+rect/@rectgrid/rectgrid.m: Class rectgrid misses definition of function gridpart!
mtoc++ warning in test/+grid/+rect/@rectgrid/rectgrid.m: Class rectgrid misses definition of function set_enbi!
 (passed)
Checking test/+grid/+rect/@rectgrid/test.m ...
 (passed)
Checking test/+grid/+rect/doxygen_in_namespace.m ...
 (passed)
Checking ./classA.m ...
 (passed)
Checking ./doxygen.m ...
mtoc++ warning in ./doxygen.m: Optional parameter 'open' of method 'default_parameters2' has no specified default value
 (passed)
Checking test/+grid/+rect/@rectgrid/plot.m ...
 (passed)
Checking test/+grid/+rect/@rectgrid/rectgrid.m ...
mtoc++ warning in test/+grid/+rect/@rectgrid/rectgrid.m: Class rectgrid misses definition of function demo!
mtoc++ warning in test/+grid/+rect/@rectgrid/rectgrid.m: Class rectgrid misses definition of function display!
mtoc++ warning in test/+grid/+rect/@rectgrid/rectgrid.m: Class rectgrid misses definition of function gridpart!
mtoc++ warning in test/+grid/+rect/@rectgrid/rectgrid.m: Class rectgrid misses definition of function set_enbi!
 (passed)
Checking test/+grid/+rect/@rectgrid/test.m ...
 (passed)
Checking test/+grid/+rect/doxygen_in_namespace.m ...
 (passed)
Checking ./classA.m ...
 (passed)
Checking ./doxygen.m ...
mtoc++ warning in ./doxygen.m: Optional parameter 'open' of method 'default_parameters2' has no specified default value
 (passed)
<end of output>
Test time =   0.34 sec
----------------------------------------------------------
Test Passed.
"MTOCPP_TEST" end time: Mar 18 21:37 EDT
"MTOCPP_TEST" time elapsed: 00:00:00
----------------------------------------------------------

2/2 Testing: MTOCPP_DOXYTEST
2/2 Test: MTOCPP_DOXYTEST
Command: "/xchip/cogs/tools/opt/bin/doxygen" "/xchip/cogs/narayan/code/github/mortar/ext/mtocpp/test/doxygen.conf"
Directory: /xchip/cogs/narayan/code/github/mortar/ext/mtocpp/build
"MTOCPP_DOXYTEST" start time: Mar 18 21:37 EDT
Output:
----------------------------------------------------------
warning: Tag `SHOW_DIRECTORIES' at line 498 of file /xchip/cogs/narayan/code/github/mortar/ext/mtocpp/test/doxygen.conf has become obsolete.
To avoid this warning please remove this line from your configuration file or upgrade it using "doxygen -u"
warning: Tag `HTML_ALIGN_MEMBERS' at line 853 of file /xchip/cogs/narayan/code/github/mortar/ext/mtocpp/test/doxygen.conf has become obsolete.
To avoid this warning please remove this line from your configuration file or upgrade it using "doxygen -u"
warning: Tag `USE_INLINE_TREES' at line 1006 of file /xchip/cogs/narayan/code/github/mortar/ext/mtocpp/test/doxygen.conf has become obsolete.
To avoid this warning please remove this line from your configuration file or upgrade it using "doxygen -u"
warning: tag INPUT: input source `classA.m' does not exist
warning: tag INPUT: input source `doxygen.m' does not exist
warning: tag INPUT: input source `test/+grid/+rect/@rectgrid/rectgrid.m' does not exist
warning: tag INPUT: input source `test/+grid/+rect/@rectgrid/test.m' does not exist
warning: tag INPUT: input source `test/+grid/+rect/@rectgrid/plot.m' does not exist
warning: tag INPUT: input source `test/+grid/+rect/doxygen_in_namespace.m' does not exist
warning: source classA.m is not a readable file or directory... skipping.
warning: source doxygen.m is not a readable file or directory... skipping.
warning: source test/+grid/+rect/@rectgrid/rectgrid.m is not a readable file or directory... skipping.
warning: source test/+grid/+rect/@rectgrid/test.m is not a readable file or directory... skipping.
warning: source test/+grid/+rect/@rectgrid/plot.m is not a readable file or directory... skipping.
warning: source test/+grid/+rect/doxygen_in_namespace.m is not a readable file or directory... skipping.
Adding custom extension mapping: .m will be treated as language c++
Searching for include files...
Searching for example files...
Searching for images...
Searching for dot files...
Searching for msc files...
Searching for files to exclude
Searching for files to process...
Reading and parsing tag files
Building group list...
Building directory list...
Building namespace list...
Building file list...
Building class list...
Associating documentation with classes...
Computing nesting relations for classes...
Building example list...
Searching for enumerations...
Searching for documented typedefs...
Searching for members imported via using declarations...
Searching for included using directives...
Searching for documented variables...
Building member list...
Searching for friends...
Searching for documented defines...
Computing class inheritance relations...
Computing class usage relations...
Flushing cached template relations that have become invalid...
Creating members for template instances...
Computing class relations...
Add enum values to enums...
Searching for member function documentation...
Building page list...
Search for main page...
Computing page relations...
Determining the scope of groups...
Sorting lists...
Freeing entry tree
Determining which enums are documented
Computing member relations...
Building full member lists recursively...
Adding members to member groups.
Computing member references...
Inheriting documentation...
Generating disk names...
Adding source references...
Adding xrefitems...
Sorting member lists...
Computing dependencies between directories...
Generating citations page...
Counting data structures...
Resolving user defined references...
Finding anchors and sections in the documentation...
Combining using relations...
Adding members to index pages...
Generating style sheet...
Generating search indices...
Generating example documentation...
Generating file sources...
Generating file documentation...
Generating page documentation...
Generating group documentation...
Generating class documentation...
Generating namespace index...
Generating graph info page...
Generating directory documentation...
Generating index page...
Generating page index...
Generating module index...
Generating namespace index...
Generating namespace member index...
Generating annotated compound index...
Generating alphabetical compound index...
Generating hierarchical class index...
Generating graphical class hierarchy...
Generating member index...
Generating file index...
Generating file member index...
Generating example index...
finalizing index lists...
Running dot for graph 1/1
symbol cache used 0/65536 hits=0 misses=0
lookup cache used 0/65536 hits=0 misses=0
finished...
<end of output>
Test time =   0.76 sec
----------------------------------------------------------
Test Passed.
"MTOCPP_DOXYTEST" end time: Mar 18 21:37 EDT
"MTOCPP_DOXYTEST" time elapsed: 00:00:00
----------------------------------------------------------

End testing: Mar 18 21:37 EDT
